<?xml version="1.0" encoding="UTF-8"?>
<TestRun id="1f54db1a-9fb8-4d81-b9ed-8ca6c07be64b" name="John.Wickerham@L00581 2011-06-02 16:10:58" runUser="APPLIEDIS\John.Wickerham" xmlns="http://microsoft.com/schemas/VisualStudio/TeamTest/2010">
  <TestSettings name="Local" id="b0d882f1-55e3-4dfc-8a92-9b28a4f95ad2">
    <Description>These are default test settings for a local test run.</Description>
    <Execution>
      <TestTypeSpecific>
        <UnitTestRunConfig testTypeId="13cdc9d9-ddb5-4fa4-a97d-d965ccfc6d4b">
          <AssemblyResolution>
            <TestDirectory useLoadContext="true" />
          </AssemblyResolution>
        </UnitTestRunConfig>
        <WebTestRunConfiguration testTypeId="4e7599fa-5ecb-43e9-a887-cd63cf72d207">
          <Browser name="Internet Explorer 7.0">
            <Headers>
              <Header name="User-Agent" value="Mozilla/4.0 (compatible; MSIE 7.0; Windows NT 5.1)" />
              <Header name="Accept" value="*/*" />
              <Header name="Accept-Language" value="{{$IEAcceptLanguage}}" />
              <Header name="Accept-Encoding" value="GZIP" />
            </Headers>
          </Browser>
        </WebTestRunConfiguration>
      </TestTypeSpecific>
      <AgentRule name="LocalMachineDefaultRole">
      </AgentRule>
    </Execution>
    <Deployment runDeploymentRoot="John.Wickerham_L00581 2011-06-02 16_10_58" />
  </TestSettings>
  <Times creation="2011-06-02T16:10:58.7543668-04:00" queuing="2011-06-02T16:11:00.0023690-04:00" start="2011-06-02T16:11:00.6263701-04:00" finish="2011-06-02T16:11:02.3267731-04:00" />
  <ResultSummary outcome="Completed">
    <Counters total="1" executed="1" passed="1" error="0" failed="0" timeout="0" aborted="0" inconclusive="0" passedButRunAborted="0" notRunnable="0" notExecuted="0" disconnected="0" warning="0" completed="0" inProgress="0" pending="0" />
  </ResultSummary>
  <TestDefinitions>
    <UnitTest name="Test_Edit_Redirects_With_Incorrect_User" storage="c:\users\john.wickerham\documents\visual studio 2010\projects\nerddinners - client server\nerddinners\nerddinners.tests\bin\debug\nerddinners.tests.dll" id="7dcde00c-6800-bcf8-6043-3e3ad5dff737">
      <Execution timeOut="1800000" id="f824c514-8334-4e88-86e9-c6ca01a23a2f" />
      <TestMethod codeBase="C:/Users/john.wickerham/Documents/Visual Studio 2010/Projects/NerdDinners - Client Server/NerdDinners/NerdDinners.Tests/bin/Debug/NerdDinners.Tests.DLL" adapterTypeName="Microsoft.VisualStudio.TestTools.TestTypes.Unit.UnitTestAdapter, Microsoft.VisualStudio.QualityTools.Tips.UnitTest.Adapter, Version=10.0.0.0, Culture=neutral, PublicKeyToken=b03f5f7f11d50a3a" className="NerdDinners.Tests.Controllers.DinnerControllerTest, NerdDinners.Tests, Version=1.0.0.0, Culture=neutral, PublicKeyToken=null" name="Test_Edit_Redirects_With_Incorrect_User" />
    </UnitTest>
  </TestDefinitions>
  <TestLists>
    <TestList name="Results Not in a List" id="8c84fa94-04c1-424b-9868-57a2d4851a1d" />
    <TestList name="All Loaded Results" id="19431567-8539-422a-85d7-44ee4e166bda" />
  </TestLists>
  <TestEntries>
    <TestEntry testId="7dcde00c-6800-bcf8-6043-3e3ad5dff737" executionId="f824c514-8334-4e88-86e9-c6ca01a23a2f" testListId="8c84fa94-04c1-424b-9868-57a2d4851a1d" />
  </TestEntries>
  <Results>
    <UnitTestResult executionId="f824c514-8334-4e88-86e9-c6ca01a23a2f" testId="7dcde00c-6800-bcf8-6043-3e3ad5dff737" testName="Test_Edit_Redirects_With_Incorrect_User" computerName="L00581" duration="00:00:01.1171896" startTime="2011-06-02T16:11:00.9227707-04:00" endTime="2011-06-02T16:11:02.1551728-04:00" testType="13cdc9d9-ddb5-4fa4-a97d-d965ccfc6d4b" outcome="Passed" testListId="8c84fa94-04c1-424b-9868-57a2d4851a1d" relativeResultsDirectory="f824c514-8334-4e88-86e9-c6ca01a23a2f">
    </UnitTestResult>
  </Results>
</TestRun>