<?xml version="1.0" encoding="UTF-8"?>
<TestRun id="9f41a698-cd84-46a5-8644-98f14f35dfa3" name="John.Wickerham@L00581 2011-05-05 12:10:32" runUser="APPLIEDIS\John.Wickerham" xmlns="http://microsoft.com/schemas/VisualStudio/TeamTest/2010">
  <TestSettings name="Local" id="ff3ea93d-31d3-4842-b744-ccb844642c33">
    <Description>These are default test settings for a local test run.</Description>
    <Deployment enabled="false" runDeploymentRoot="John.Wickerham_L00581 2011-05-05 12_10_32" />
    <Execution>
      <TestTypeSpecific />
      <AgentRule name="Execution Agents">
      </AgentRule>
    </Execution>
  </TestSettings>
  <Times creation="2011-05-05T12:10:32.8367029-04:00" queuing="2011-05-05T12:10:33.6067040-04:00" start="2011-05-05T12:10:34.2767051-04:00" finish="2011-05-05T12:11:11.8575614-04:00" />
  <ResultSummary outcome="Completed">
    <Counters total="1" executed="1" passed="1" error="0" failed="0" timeout="0" aborted="0" inconclusive="0" passedButRunAborted="0" notRunnable="0" notExecuted="0" disconnected="0" warning="0" completed="0" inProgress="0" pending="0" />
  </ResultSummary>
  <TestDefinitions>
    <UnitTest name="Test_Create" storage="c:\users\john.wickerham\documents\visual studio 2010\projects\nerddinners - client server\nerddinners\domaintests\bin\debug\domaintests.dll" id="f4b7ca29-55ab-4f68-634e-12a2e1e46e5c">
      <Execution timeOut="1800000" id="1a83e0b1-f895-4e57-ae48-4373f9157be0" />
      <TestMethod codeBase="C:/Users/john.wickerham/Documents/Visual Studio 2010/Projects/NerdDinners - Client Server/NerdDinners/DomainTests/bin/Debug/DomainTests.DLL" adapterTypeName="Microsoft.VisualStudio.TestTools.TestTypes.Unit.UnitTestAdapter, Microsoft.VisualStudio.QualityTools.Tips.UnitTest.Adapter, Version=10.0.0.0, Culture=neutral, PublicKeyToken=b03f5f7f11d50a3a" className="NerdDinnerIntegrationDbTests.DomainTests, DomainTests, Version=1.0.0.0, Culture=neutral, PublicKeyToken=null" name="Test_Create" />
    </UnitTest>
  </TestDefinitions>
  <TestLists>
    <TestList name="Results Not in a List" id="8c84fa94-04c1-424b-9868-57a2d4851a1d" />
    <TestList name="All Loaded Results" id="19431567-8539-422a-85d7-44ee4e166bda" />
  </TestLists>
  <TestEntries>
    <TestEntry testId="f4b7ca29-55ab-4f68-634e-12a2e1e46e5c" executionId="1a83e0b1-f895-4e57-ae48-4373f9157be0" testListId="8c84fa94-04c1-424b-9868-57a2d4851a1d" />
  </TestEntries>
  <Results>
    <UnitTestResult executionId="1a83e0b1-f895-4e57-ae48-4373f9157be0" testId="f4b7ca29-55ab-4f68-634e-12a2e1e46e5c" testName="Test_Create" computerName="L00581" duration="00:00:36.7549863" startTime="2011-05-05T12:10:34.5575056-04:00" endTime="2011-05-05T12:11:11.6859611-04:00" testType="13cdc9d9-ddb5-4fa4-a97d-d965ccfc6d4b" outcome="Passed" testListId="8c84fa94-04c1-424b-9868-57a2d4851a1d" relativeResultsDirectory="1a83e0b1-f895-4e57-ae48-4373f9157be0">
    </UnitTestResult>
  </Results>
</TestRun>