<?xml version="1.0" encoding="UTF-8"?>
<TestRun id="861978b8-1ee0-4969-8f3e-5e8351d02e5f" name="John.Wickerham@L00581 2011-05-05 14:58:06" runUser="APPLIEDIS\John.Wickerham" xmlns="http://microsoft.com/schemas/VisualStudio/TeamTest/2010">
  <TestSettings name="Local" id="ff3ea93d-31d3-4842-b744-ccb844642c33">
    <Description>These are default test settings for a local test run.</Description>
    <Deployment enabled="false" runDeploymentRoot="John.Wickerham_L00581 2011-05-05 14_58_06" />
    <Execution>
      <TestTypeSpecific />
      <AgentRule name="Execution Agents">
      </AgentRule>
    </Execution>
  </TestSettings>
  <Times creation="2011-05-05T14:58:06.3977496-04:00" queuing="2011-05-05T14:58:07.0997509-04:00" start="2011-05-05T14:58:07.7393520-04:00" finish="2011-05-05T14:58:28.3101848-04:00" />
  <ResultSummary outcome="Failed">
    <Counters total="1" executed="1" error="0" failed="1" timeout="0" aborted="0" inconclusive="0" passedButRunAborted="0" notRunnable="0" notExecuted="0" disconnected="0" warning="0" passed="0" completed="0" inProgress="0" pending="0" />
  </ResultSummary>
  <TestDefinitions>
    <UnitTest name="Test_Get_HttpClient" storage="c:\users\john.wickerham\documents\visual studio 2010\projects\nerddinners - client server\nerddinners\domaintests\bin\debug\domaintests.dll" id="b4ed87ba-d2c7-5798-ae9a-b74cd47433e2">
      <Execution timeOut="1800000" id="916be184-0fa5-4f63-8e79-16199c8ca9a7" />
      <TestMethod codeBase="C:/Users/john.wickerham/Documents/Visual Studio 2010/Projects/NerdDinners - Client Server/NerdDinners/DomainTests/bin/Debug/DomainTests.DLL" adapterTypeName="Microsoft.VisualStudio.TestTools.TestTypes.Unit.UnitTestAdapter, Microsoft.VisualStudio.QualityTools.Tips.UnitTest.Adapter, Version=10.0.0.0, Culture=neutral, PublicKeyToken=b03f5f7f11d50a3a" className="NerdDinnerIntegrationDbTests.DomainTests, DomainTests, Version=1.0.0.0, Culture=neutral, PublicKeyToken=null" name="Test_Get_HttpClient" />
    </UnitTest>
  </TestDefinitions>
  <TestLists>
    <TestList name="Results Not in a List" id="8c84fa94-04c1-424b-9868-57a2d4851a1d" />
    <TestList name="All Loaded Results" id="19431567-8539-422a-85d7-44ee4e166bda" />
  </TestLists>
  <TestEntries>
    <TestEntry testId="b4ed87ba-d2c7-5798-ae9a-b74cd47433e2" executionId="916be184-0fa5-4f63-8e79-16199c8ca9a7" testListId="8c84fa94-04c1-424b-9868-57a2d4851a1d" />
  </TestEntries>
  <Results>
    <UnitTestResult executionId="916be184-0fa5-4f63-8e79-16199c8ca9a7" testId="b4ed87ba-d2c7-5798-ae9a-b74cd47433e2" testName="Test_Get_HttpClient" computerName="L00581" duration="00:00:19.9580962" startTime="2011-05-05T14:58:07.9109523-04:00" endTime="2011-05-05T14:58:28.0449843-04:00" testType="13cdc9d9-ddb5-4fa4-a97d-d965ccfc6d4b" outcome="Failed" testListId="8c84fa94-04c1-424b-9868-57a2d4851a1d" relativeResultsDirectory="916be184-0fa5-4f63-8e79-16199c8ca9a7">
      <Output>
        <ErrorInfo>
          <Message>Assert.Fail failed. Assert.AreEqual failed. Expected:&lt;3&gt;. Actual:&lt;16&gt;. </Message>
          <StackTrace>   at NerdDinnerIntegrationDbTests.DomainTests.Test_Get_HttpClient() in C:\Users\john.wickerham\Documents\Visual Studio 2010\Projects\NerdDinners - Client Server\NerdDinners\DomainTests\Integration\NerdDinnerIntegrationDbTests.cs:line 103
</StackTrace>
        </ErrorInfo>
      </Output>
    </UnitTestResult>
  </Results>
</TestRun>