<?xml version="1.0" encoding="UTF-8"?>
<TestRun id="091b21ac-619b-4314-ad6e-8a0273816afc" name="John.Wickerham@L00581 2011-05-05 12:09:31" runUser="APPLIEDIS\John.Wickerham" xmlns="http://microsoft.com/schemas/VisualStudio/TeamTest/2010">
  <TestSettings name="Local" id="ff3ea93d-31d3-4842-b744-ccb844642c33">
    <Description>These are default test settings for a local test run.</Description>
    <Deployment enabled="false" runDeploymentRoot="John.Wickerham_L00581 2011-05-05 12_09_31" />
    <Execution>
      <TestTypeSpecific />
      <AgentRule name="Execution Agents">
      </AgentRule>
    </Execution>
  </TestSettings>
  <Times creation="2011-05-05T12:09:31.8766035-04:00" queuing="2011-05-05T12:09:32.4266043-04:00" start="2011-05-05T12:09:32.8166048-04:00" finish="2011-05-05T12:09:44.5074217-04:00" />
  <ResultSummary outcome="Completed">
    <Counters total="1" executed="1" passed="1" error="0" failed="0" timeout="0" aborted="0" inconclusive="0" passedButRunAborted="0" notRunnable="0" notExecuted="0" disconnected="0" warning="0" completed="0" inProgress="0" pending="0" />
  </ResultSummary>
  <TestDefinitions>
    <UnitTest name="Test_Get_Dinner_By_Id_Returns_Correct_Dinner" storage="c:\users\john.wickerham\documents\visual studio 2010\projects\nerddinners - client server\nerddinners\domaintests\bin\debug\domaintests.dll" id="482b4f23-8455-ae6f-2e94-5ba1e9474066">
      <Execution timeOut="1800000" id="68ef4fa4-4cfc-4beb-8c37-a7ccc2ec8920" />
      <TestMethod codeBase="C:/Users/john.wickerham/Documents/Visual Studio 2010/Projects/NerdDinners - Client Server/NerdDinners/DomainTests/bin/Debug/DomainTests.DLL" adapterTypeName="Microsoft.VisualStudio.TestTools.TestTypes.Unit.UnitTestAdapter, Microsoft.VisualStudio.QualityTools.Tips.UnitTest.Adapter, Version=10.0.0.0, Culture=neutral, PublicKeyToken=b03f5f7f11d50a3a" className="NerdDinnerIntegrationDbTests.DomainTests, DomainTests, Version=1.0.0.0, Culture=neutral, PublicKeyToken=null" name="Test_Get_Dinner_By_Id_Returns_Correct_Dinner" />
    </UnitTest>
  </TestDefinitions>
  <TestLists>
    <TestList name="Results Not in a List" id="8c84fa94-04c1-424b-9868-57a2d4851a1d" />
    <TestList name="All Loaded Results" id="19431567-8539-422a-85d7-44ee4e166bda" />
  </TestLists>
  <TestEntries>
    <TestEntry testId="482b4f23-8455-ae6f-2e94-5ba1e9474066" executionId="68ef4fa4-4cfc-4beb-8c37-a7ccc2ec8920" testListId="8c84fa94-04c1-424b-9868-57a2d4851a1d" />
  </TestEntries>
  <Results>
    <UnitTestResult executionId="68ef4fa4-4cfc-4beb-8c37-a7ccc2ec8920" testId="482b4f23-8455-ae6f-2e94-5ba1e9474066" testName="Test_Get_Dinner_By_Id_Returns_Correct_Dinner" computerName="L00581" duration="00:00:11.1417234" startTime="2011-05-05T12:09:33.0466052-04:00" endTime="2011-05-05T12:09:44.3474215-04:00" testType="13cdc9d9-ddb5-4fa4-a97d-d965ccfc6d4b" outcome="Passed" testListId="8c84fa94-04c1-424b-9868-57a2d4851a1d" relativeResultsDirectory="68ef4fa4-4cfc-4beb-8c37-a7ccc2ec8920">
    </UnitTestResult>
  </Results>
</TestRun>