<?xml version="1.0" encoding="UTF-8"?>
<TestRun id="52d74aec-94e8-4ead-90f8-d7b76ba3787a" name="John.Wickerham@L00581 2011-05-04 15:45:43" runUser="APPLIEDIS\John.Wickerham" xmlns="http://microsoft.com/schemas/VisualStudio/TeamTest/2010">
  <TestSettings name="Local" id="ff3ea93d-31d3-4842-b744-ccb844642c33">
    <Description>These are default test settings for a local test run.</Description>
    <Deployment enabled="false" runDeploymentRoot="John.Wickerham_L00581 2011-05-04 15_45_43" />
    <Execution>
      <TestTypeSpecific />
      <AgentRule name="Execution Agents">
      </AgentRule>
    </Execution>
  </TestSettings>
  <Times creation="2011-05-04T15:45:43.5750668-04:00" queuing="2011-05-04T15:45:43.9338674-04:00" start="2011-05-04T15:45:44.1990679-04:00" finish="2011-05-04T15:45:53.5434843-04:00" />
  <ResultSummary outcome="Completed">
    <Counters total="1" executed="1" passed="1" error="0" failed="0" timeout="0" aborted="0" inconclusive="0" passedButRunAborted="0" notRunnable="0" notExecuted="0" disconnected="0" warning="0" completed="0" inProgress="0" pending="0" />
  </ResultSummary>
  <TestDefinitions>
    <UnitTest name="test_calls_direct" storage="c:\users\john.wickerham\documents\visual studio 2010\projects\nerddinners - client server\nerddinners\domaintests\bin\debug\domaintests.dll" id="2611d02e-4511-4c87-49d8-b31474f5b9fb">
      <Execution timeOut="1800000" id="dc304a9e-556b-4e0c-a97c-1439c9c37a10" />
      <TestMethod codeBase="C:/Users/john.wickerham/Documents/Visual Studio 2010/Projects/NerdDinners - Client Server/NerdDinners/DomainTests/bin/Debug/DomainTests.DLL" adapterTypeName="Microsoft.VisualStudio.TestTools.TestTypes.Unit.UnitTestAdapter, Microsoft.VisualStudio.QualityTools.Tips.UnitTest.Adapter, Version=10.0.0.0, Culture=neutral, PublicKeyToken=b03f5f7f11d50a3a" className="NerdDinnerIntegrationDbTests.DomainTests, DomainTests, Version=1.0.0.0, Culture=neutral, PublicKeyToken=null" name="test_calls_direct" />
    </UnitTest>
  </TestDefinitions>
  <TestLists>
    <TestList name="Results Not in a List" id="8c84fa94-04c1-424b-9868-57a2d4851a1d" />
    <TestList name="All Loaded Results" id="19431567-8539-422a-85d7-44ee4e166bda" />
  </TestLists>
  <TestEntries>
    <TestEntry testId="2611d02e-4511-4c87-49d8-b31474f5b9fb" executionId="dc304a9e-556b-4e0c-a97c-1439c9c37a10" testListId="8c84fa94-04c1-424b-9868-57a2d4851a1d" />
  </TestEntries>
  <Results>
    <UnitTestResult executionId="dc304a9e-556b-4e0c-a97c-1439c9c37a10" testId="2611d02e-4511-4c87-49d8-b31474f5b9fb" testName="test_calls_direct" computerName="L00581" duration="00:00:08.9621676" startTime="2011-05-04T15:45:44.3550681-04:00" endTime="2011-05-04T15:45:53.3874840-04:00" testType="13cdc9d9-ddb5-4fa4-a97d-d965ccfc6d4b" outcome="Passed" testListId="8c84fa94-04c1-424b-9868-57a2d4851a1d" relativeResultsDirectory="dc304a9e-556b-4e0c-a97c-1439c9c37a10">
    </UnitTestResult>
  </Results>
</TestRun>