<?xml version="1.0" encoding="UTF-8"?>
<TestRun id="6af1ec0d-f3a2-4c95-a21d-b171ef578911" name="John.Wickerham@L00581 2011-05-04 15:42:33" runUser="APPLIEDIS\John.Wickerham" xmlns="http://microsoft.com/schemas/VisualStudio/TeamTest/2010">
  <TestSettings name="Local" id="ff3ea93d-31d3-4842-b744-ccb844642c33">
    <Description>These are default test settings for a local test run.</Description>
    <Deployment enabled="false" runDeploymentRoot="John.Wickerham_L00581 2011-05-04 15_42_33" />
    <Execution>
      <TestTypeSpecific />
      <AgentRule name="Execution Agents">
      </AgentRule>
    </Execution>
  </TestSettings>
  <Times creation="2011-05-04T15:42:33.5043329-04:00" queuing="2011-05-04T15:42:34.0191338-04:00" start="2011-05-04T15:42:34.5027347-04:00" finish="2011-05-04T15:43:07.0599919-04:00" />
  <ResultSummary outcome="Completed">
    <Counters total="1" executed="1" passed="1" error="0" failed="0" timeout="0" aborted="0" inconclusive="0" passedButRunAborted="0" notRunnable="0" notExecuted="0" disconnected="0" warning="0" completed="0" inProgress="0" pending="0" />
  </ResultSummary>
  <TestDefinitions>
    <UnitTest name="TestGetAllDinnersReturnsAList" storage="c:\users\john.wickerham\documents\visual studio 2010\projects\nerddinners - client server\nerddinners\domaintests\bin\debug\domaintests.dll" id="e2f4b2ee-0453-7c68-8cd2-0bc6a43cee30">
      <Execution timeOut="1800000" id="9664e516-6331-4fa6-b5d3-0c9ee5d26fd8" />
      <TestMethod codeBase="C:/Users/john.wickerham/Documents/Visual Studio 2010/Projects/NerdDinners - Client Server/NerdDinners/DomainTests/bin/Debug/DomainTests.DLL" adapterTypeName="Microsoft.VisualStudio.TestTools.TestTypes.Unit.UnitTestAdapter, Microsoft.VisualStudio.QualityTools.Tips.UnitTest.Adapter, Version=10.0.0.0, Culture=neutral, PublicKeyToken=b03f5f7f11d50a3a" className="IntegerationTests.DomainTests, DomainTests, Version=1.0.0.0, Culture=neutral, PublicKeyToken=null" name="TestGetAllDinnersReturnsAList" />
    </UnitTest>
  </TestDefinitions>
  <TestLists>
    <TestList name="Results Not in a List" id="8c84fa94-04c1-424b-9868-57a2d4851a1d" />
    <TestList name="All Loaded Results" id="19431567-8539-422a-85d7-44ee4e166bda" />
  </TestLists>
  <TestEntries>
    <TestEntry testId="e2f4b2ee-0453-7c68-8cd2-0bc6a43cee30" executionId="9664e516-6331-4fa6-b5d3-0c9ee5d26fd8" testListId="8c84fa94-04c1-424b-9868-57a2d4851a1d" />
  </TestEntries>
  <Results>
    <UnitTestResult executionId="9664e516-6331-4fa6-b5d3-0c9ee5d26fd8" testId="e2f4b2ee-0453-7c68-8cd2-0bc6a43cee30" testName="TestGetAllDinnersReturnsAList" computerName="L00581" duration="00:00:32.0138437" startTime="2011-05-04T15:42:34.6743350-04:00" endTime="2011-05-04T15:43:06.8415915-04:00" testType="13cdc9d9-ddb5-4fa4-a97d-d965ccfc6d4b" outcome="Passed" testListId="8c84fa94-04c1-424b-9868-57a2d4851a1d" relativeResultsDirectory="9664e516-6331-4fa6-b5d3-0c9ee5d26fd8">
    </UnitTestResult>
  </Results>
</TestRun>