<?xml version="1.0" encoding="UTF-8"?>
<TestRun id="55508e9a-d9f6-4539-8e50-580b00aed054" name="John.Wickerham@L00581 2011-05-04 16:26:57" runUser="APPLIEDIS\John.Wickerham" xmlns="http://microsoft.com/schemas/VisualStudio/TeamTest/2010">
  <TestSettings name="Local" id="ff3ea93d-31d3-4842-b744-ccb844642c33">
    <Description>These are default test settings for a local test run.</Description>
    <Deployment enabled="false" runDeploymentRoot="John.Wickerham_L00581 2011-05-04 16_26_57" />
    <Execution>
      <TestTypeSpecific />
      <AgentRule name="Execution Agents">
      </AgentRule>
    </Execution>
  </TestSettings>
  <Times creation="2011-05-04T16:26:57.0202263-04:00" queuing="2011-05-04T16:26:57.7690276-04:00" start="2011-05-04T16:26:58.3930287-04:00" finish="2011-05-04T16:27:31.6678872-04:00" />
  <ResultSummary outcome="Completed">
    <Counters total="1" executed="1" passed="1" error="0" failed="0" timeout="0" aborted="0" inconclusive="0" passedButRunAborted="0" notRunnable="0" notExecuted="0" disconnected="0" warning="0" completed="0" inProgress="0" pending="0" />
  </ResultSummary>
  <TestDefinitions>
    <UnitTest name="Test_Get_All_Dinners_From_Returns_Non_Empty_List" storage="c:\users\john.wickerham\documents\visual studio 2010\projects\nerddinners - client server\nerddinners\domaintests\bin\debug\domaintests.dll" id="f0a40a78-66e3-1238-1044-0c33ed177fc3">
      <Execution timeOut="1800000" id="cff0e14f-5c18-4ac9-94e9-ef95110b1f9e" />
      <TestMethod codeBase="C:/Users/john.wickerham/Documents/Visual Studio 2010/Projects/NerdDinners - Client Server/NerdDinners/DomainTests/bin/Debug/DomainTests.DLL" adapterTypeName="Microsoft.VisualStudio.TestTools.TestTypes.Unit.UnitTestAdapter, Microsoft.VisualStudio.QualityTools.Tips.UnitTest.Adapter, Version=10.0.0.0, Culture=neutral, PublicKeyToken=b03f5f7f11d50a3a" className="NerdDinnerIntegrationDbTests.DomainTests, DomainTests, Version=1.0.0.0, Culture=neutral, PublicKeyToken=null" name="Test_Get_All_Dinners_From_Returns_Non_Empty_List" />
    </UnitTest>
  </TestDefinitions>
  <TestLists>
    <TestList name="Results Not in a List" id="8c84fa94-04c1-424b-9868-57a2d4851a1d" />
    <TestList name="All Loaded Results" id="19431567-8539-422a-85d7-44ee4e166bda" />
  </TestLists>
  <TestEntries>
    <TestEntry testId="f0a40a78-66e3-1238-1044-0c33ed177fc3" executionId="cff0e14f-5c18-4ac9-94e9-ef95110b1f9e" testListId="8c84fa94-04c1-424b-9868-57a2d4851a1d" />
  </TestEntries>
  <Results>
    <UnitTestResult executionId="cff0e14f-5c18-4ac9-94e9-ef95110b1f9e" testId="f0a40a78-66e3-1238-1044-0c33ed177fc3" testName="Test_Get_All_Dinners_From_Returns_Non_Empty_List" computerName="L00581" duration="00:00:32.8890455" startTime="2011-05-04T16:26:58.5022289-04:00" endTime="2011-05-04T16:27:31.5118869-04:00" testType="13cdc9d9-ddb5-4fa4-a97d-d965ccfc6d4b" outcome="Passed" testListId="8c84fa94-04c1-424b-9868-57a2d4851a1d" relativeResultsDirectory="cff0e14f-5c18-4ac9-94e9-ef95110b1f9e">
    </UnitTestResult>
  </Results>
</TestRun>